This is pdfTeX, Version 3.141592653-2.6-1.40.26 (TeX Live 2025/dev/Debian) (preloaded format=pdflatex 2026.4.18)  18 APR 2026 21:25
entering extended mode
 \write18 enabled.
 %&-line parsing enabled.
**notebook.tex
(./notebook.tex
LaTeX2e <2024-11-01> patch level 2
L3 programming layer <2025-01-18>
(/usr/share/texlive/texmf-dist/tex/latex/base/article.cls
Document Class: article 2024/06/29 v1.4n Standard LaTeX document class
(/usr/share/texlive/texmf-dist/tex/latex/base/size10.clo
File: size10.clo 2024/06/29 v1.4n Standard LaTeX file (size option)
)
\c@part=\count196
\c@section=\count197
\c@subsection=\count198
\c@subsubsection=\count199
\c@paragraph=\count266
\c@subparagraph=\count267
\c@figure=\count268
\c@table=\count269
\abovecaptionskip=\skip49
\belowcaptionskip=\skip50
\bibindent=\dimen141
)
(/usr/share/texlive/texmf-dist/tex/latex/geometry/geometry.sty
Package: geometry 2020/01/02 v5.9 Page Geometry

(/usr/share/texlive/texmf-dist/tex/latex/graphics/keyval.sty
Package: keyval 2022/05/29 v1.15 key=value parser (DPC)
\KV@toks@=\toks17
)
(/usr/share/texlive/texmf-dist/tex/generic/iftex/ifvtex.sty
Package: ifvtex 2019/10/25 v1.7 ifvtex legacy package. Use iftex instead.

(/usr/share/texlive/texmf-dist/tex/generic/iftex/iftex.sty
Package: iftex 2024/12/12 v1.0g TeX engine tests
))
\Gm@cnth=\count270
\Gm@cntv=\count271
\c@Gm@tempcnt=\count272
\Gm@bindingoffset=\dimen142
\Gm@wd@mp=\dimen143
\Gm@odd@mp=\dimen144
\Gm@even@mp=\dimen145
\Gm@layoutwidth=\dimen146
\Gm@layoutheight=\dimen147
\Gm@layouthoffset=\dimen148
\Gm@layoutvoffset=\dimen149
\Gm@dimlist=\toks18
)
(/usr/share/texlive/texmf-dist/tex/latex/enumitem/enumitem.sty
Package: enumitem 2025/02/06 v3.11 Customized lists
\labelindent=\skip51
\enit@outerparindent=\dimen150
\enit@toks=\toks19
\enit@inbox=\box52
\enit@count@id=\count273
\enitdp@description=\count274
)
(/usr/share/texlive/texmf-dist/tex/latex/hyperref/hyperref.sty
Package: hyperref 2024-11-05 v7.01l Hypertext links for LaTeX

(/usr/share/texlive/texmf-dist/tex/latex/kvsetkeys/kvsetkeys.sty
Package: kvsetkeys 2022-10-05 v1.19 Key value parser (HO)
)
(/usr/share/texlive/texmf-dist/tex/generic/kvdefinekeys/kvdefinekeys.sty
Package: kvdefinekeys 2019-12-19 v1.6 Define keys (HO)
)
(/usr/share/texlive/texmf-dist/tex/generic/pdfescape/pdfescape.sty
Package: pdfescape 2019/12/09 v1.15 Implements pdfTeX's escape features (HO)

(/usr/share/texlive/texmf-dist/tex/generic/ltxcmds/ltxcmds.sty
Package: ltxcmds 2023-12-04 v1.26 LaTeX kernel commands for general use (HO)
)
(/usr/share/texlive/texmf-dist/tex/generic/pdftexcmds/pdftexcmds.sty
Package: pdftexcmds 2020-06-27 v0.33 Utility functions of pdfTeX for LuaTeX (HO
)

(/usr/share/texlive/texmf-dist/tex/generic/infwarerr/infwarerr.sty
Package: infwarerr 2019/12/03 v1.5 Providing info/warning/error messages (HO)
)
Package pdftexcmds Info: \pdf@primitive is available.
Package pdftexcmds Info: \pdf@ifprimitive is available.
Package pdftexcmds Info: \pdfdraftmode found.
))
(/usr/share/texlive/texmf-dist/tex/latex/hycolor/hycolor.sty
Package: hycolor 2020-01-27 v1.10 Color options for hyperref/bookmark (HO)
)
(/usr/share/texlive/texmf-dist/tex/latex/hyperref/nameref.sty
Package: nameref 2023-11-26 v2.56 Cross-referencing by name of section

(/usr/share/texlive/texmf-dist/tex/latex/refcount/refcount.sty
Package: refcount 2019/12/15 v3.6 Data extraction from label references (HO)
)
(/usr/share/texlive/texmf-dist/tex/generic/gettitlestring/gettitlestring.sty
Package: gettitlestring 2019/12/15 v1.6 Cleanup title references (HO)

(/usr/share/texlive/texmf-dist/tex/latex/kvoptions/kvoptions.sty
Package: kvoptions 2022-06-15 v3.15 Key value format for package options (HO)
))
\c@section@level=\count275
)
(/usr/share/texlive/texmf-dist/tex/latex/etoolbox/etoolbox.sty
Package: etoolbox 2025/02/11 v2.5l e-TeX tools for LaTeX (JAW)
\etb@tempcnta=\count276
)
(/usr/share/texlive/texmf-dist/tex/generic/stringenc/stringenc.sty
Package: stringenc 2019/11/29 v1.12 Convert strings between diff. encodings (HO
)
)
\@linkdim=\dimen151
\Hy@linkcounter=\count277
\Hy@pagecounter=\count278

(/usr/share/texlive/texmf-dist/tex/latex/hyperref/pd1enc.def
File: pd1enc.def 2024-11-05 v7.01l Hyperref: PDFDocEncoding definition (HO)
Now handling font encoding PD1 ...
... no UTF-8 mapping file for font encoding PD1
)
(/usr/share/texlive/texmf-dist/tex/generic/intcalc/intcalc.sty
Package: intcalc 2019/12/15 v1.3 Expandable calculations with integers (HO)
)
\Hy@SavedSpaceFactor=\count279

(/usr/share/texlive/texmf-dist/tex/latex/hyperref/puenc.def
File: puenc.def 2024-11-05 v7.01l Hyperref: PDF Unicode definition (HO)
Now handling font encoding PU ...
... no UTF-8 mapping file for font encoding PU
)
Package hyperref Info: Hyper figures OFF on input line 4157.
Package hyperref Info: Link nesting OFF on input line 4162.
Package hyperref Info: Hyper index ON on input line 4165.
Package hyperref Info: Plain pages OFF on input line 4172.
Package hyperref Info: Backreferencing OFF on input line 4177.
Package hyperref Info: Implicit mode ON; LaTeX internals redefined.
Package hyperref Info: Bookmarks ON on input line 4424.
\c@Hy@tempcnt=\count280

(/usr/share/texlive/texmf-dist/tex/latex/url/url.sty
\Urlmuskip=\muskip17
Package: url 2013/09/16  ver 3.4  Verb mode for urls, etc.
)
LaTeX Info: Redefining \url on input line 4763.
\XeTeXLinkMargin=\dimen152

(/usr/share/texlive/texmf-dist/tex/generic/bitset/bitset.sty
Package: bitset 2019/12/09 v1.3 Handle bit-vector datatype (HO)

(/usr/share/texlive/texmf-dist/tex/generic/bigintcalc/bigintcalc.sty
Package: bigintcalc 2019/12/15 v1.5 Expandable calculations on big integers (HO
)
))
\Fld@menulength=\count281
\Field@Width=\dimen153
\Fld@charsize=\dimen154
Package hyperref Info: Hyper figures OFF on input line 6042.
Package hyperref Info: Link nesting OFF on input line 6047.
Package hyperref Info: Hyper index ON on input line 6050.
Package hyperref Info: backreferencing OFF on input line 6057.
Package hyperref Info: Link coloring OFF on input line 6062.
Package hyperref Info: Link coloring with OCG OFF on input line 6067.
Package hyperref Info: PDF/A mode OFF on input line 6072.

(/usr/share/texlive/texmf-dist/tex/latex/base/atbegshi-ltx.sty
Package: atbegshi-ltx 2021/01/10 v1.0c Emulation of the original atbegshi
package with kernel methods
)
\Hy@abspage=\count282
\c@Item=\count283
\c@Hfootnote=\count284
)
Package hyperref Info: Driver (autodetected): hpdftex.

(/usr/share/texlive/texmf-dist/tex/latex/hyperref/hpdftex.def
File: hpdftex.def 2024-11-05 v7.01l Hyperref driver for pdfTeX

(/usr/share/texlive/texmf-dist/tex/latex/base/atveryend-ltx.sty
Package: atveryend-ltx 2020/08/19 v1.0a Emulation of the original atveryend pac
kage
with kernel methods
)
\Fld@listcount=\count285
\c@bookmark@seq@number=\count286

(/usr/share/texlive/texmf-dist/tex/latex/rerunfilecheck/rerunfilecheck.sty
Package: rerunfilecheck 2022-07-10 v1.10 Rerun checks for auxiliary files (HO)

(/usr/share/texlive/texmf-dist/tex/generic/uniquecounter/uniquecounter.sty
Package: uniquecounter 2019/12/15 v1.4 Provide unlimited unique counter (HO)
)
Package uniquecounter Info: New unique counter `rerunfilecheck' on input line 2
85.
)
\Hy@SectionHShift=\skip52
)
(/usr/share/texlive/texmf-dist/tex/latex/fancyhdr/fancyhdr.sty
Package: fancyhdr 2025/02/07 v5.2 Extensive control of page headers and footers

\f@nch@headwidth=\skip53
\f@nch@offset@elh=\skip54
\f@nch@offset@erh=\skip55
\f@nch@offset@olh=\skip56
\f@nch@offset@orh=\skip57
\f@nch@offset@elf=\skip58
\f@nch@offset@erf=\skip59
\f@nch@offset@olf=\skip60
\f@nch@offset@orf=\skip61
\f@nch@height=\skip62
\f@nch@footalignment=\skip63
\f@nch@widthL=\skip64
\f@nch@widthC=\skip65
\f@nch@widthR=\skip66
\@temptokenb=\toks20
)
(/usr/share/texlive/texmf-dist/tex/latex/listings/listings.sty
\lst@mode=\count287
\lst@gtempboxa=\box53
\lst@token=\toks21
\lst@length=\count288
\lst@currlwidth=\dimen155
\lst@column=\count289
\lst@pos=\count290
\lst@lostspace=\dimen156
\lst@width=\dimen157
\lst@newlines=\count291
\lst@lineno=\count292
\lst@maxwidth=\dimen158

(/usr/share/texlive/texmf-dist/tex/latex/listings/lstpatch.sty
File: lstpatch.sty 2024/09/23 1.10c (Carsten Heinz)
)
(/usr/share/texlive/texmf-dist/tex/latex/listings/lstmisc.sty
File: lstmisc.sty 2024/09/23 1.10c (Carsten Heinz)
\c@lstnumber=\count293
\lst@skipnumbers=\count294
\lst@framebox=\box54
)
(/usr/share/texlive/texmf-dist/tex/latex/listings/listings.cfg
File: listings.cfg 2024/09/23 1.10c listings configuration
))
Package: listings 2024/09/23 1.10c (Carsten Heinz)

(/usr/share/texlive/texmf-dist/tex/latex/fvextra/fvextra.sty
Package: fvextra 2025/03/04 v1.12.0 fvextra - extensions and patches for fancyv
rb

(/usr/share/texlive/texmf-dist/tex/latex/fancyvrb/fancyvrb.sty
Package: fancyvrb 2024/01/20 4.5c verbatim text (tvz,hv)
\FV@CodeLineNo=\count295
\FV@InFile=\read2
\FV@TabBox=\box55
\c@FancyVerbLine=\count296
\FV@StepNumber=\count297
\FV@OutFile=\write3
)
(/usr/share/texlive/texmf-dist/tex/latex/upquote/upquote.sty
Package: upquote 2012/04/19 v1.3 upright-quote and grave-accent glyphs in verba
tim
)
(/usr/share/texlive/texmf-dist/tex/latex/lineno/lineno.sty
Package: lineno 2025/01/29 line numbers on paragraphs v5.4
\linenopenalty=\count298
\output=\toks22
\linenoprevgraf=\count299
\linenumbersep=\dimen159
\linenumberwidth=\dimen160
\c@linenumber=\count300
\c@pagewiselinenumber=\count301
\c@LN@truepage=\count302
\c@internallinenumber=\count303
\c@internallinenumbers=\count304
\quotelinenumbersep=\dimen161
\bframerule=\dimen162
\bframesep=\dimen163
\bframebox=\box56
LaTeX Info: Redefining \\ on input line 3187.
)
\c@FancyVerbWriteLine=\count305
\c@FancyVerbBufferLine=\count306
\c@FV@TrueTabGroupLevel=\count307
\c@FV@TrueTabCounter=\count308
\FV@TabBox@Group=\box57
\FV@bgcolorstructbox=\box58
\FV@TmpLength=\skip67
\c@FV@HighlightLinesStart=\count309
\c@FV@HighlightLinesStop=\count310
\FV@LoopCount=\count311
\FV@NCharsBox=\box59
\FV@BreakIndent=\dimen164
\FV@BreakIndentNChars=\count312
\FV@BreakSymbolSepLeft=\dimen165
\FV@BreakSymbolSepLeftNChars=\count313
\FV@BreakSymbolSepRight=\dimen166
\FV@BreakSymbolSepRightNChars=\count314
\FV@BreakSymbolIndentLeft=\dimen167
\FV@BreakSymbolIndentLeftNChars=\count315
\FV@BreakSymbolIndentRight=\dimen168
\FV@BreakSymbolIndentRightNChars=\count316
\c@FancyVerbLineBreakLast=\count317
\FV@LineBox=\box60
\FV@LineIndentBox=\box61
\c@FV@BreakBufferDepth=\count318
\FV@LineWidth=\dimen169
)
(/usr/share/texlive/texmf-dist/tex/latex/xcolor/xcolor.sty
Package: xcolor 2024/09/29 v3.02 LaTeX color extensions (UK)

(/usr/share/texlive/texmf-dist/tex/latex/graphics-cfg/color.cfg
File: color.cfg 2016/01/02 v1.6 sample color configuration
)
Package xcolor Info: Driver file: pdftex.def on input line 274.

(/usr/share/texlive/texmf-dist/tex/latex/graphics-def/pdftex.def
File: pdftex.def 2024/04/13 v1.2c Graphics/color driver for pdftex
)
(/usr/share/texlive/texmf-dist/tex/latex/graphics/mathcolor.ltx)
Package xcolor Info: Model `cmy' substituted by `cmy0' on input line 1349.
Package xcolor Info: Model `hsb' substituted by `rgb' on input line 1353.
Package xcolor Info: Model `RGB' extended on input line 1365.
Package xcolor Info: Model `HTML' substituted by `rgb' on input line 1367.
Package xcolor Info: Model `Hsb' substituted by `hsb' on input line 1368.
Package xcolor Info: Model `tHsb' substituted by `hsb' on input line 1369.
Package xcolor Info: Model `HSB' substituted by `hsb' on input line 1370.
Package xcolor Info: Model `Gray' substituted by `gray' on input line 1371.
Package xcolor Info: Model `wave' substituted by `hsb' on input line 1372.
)
(/usr/share/texlive/texmf-dist/tex/latex/tocloft/tocloft.sty
Package: tocloft 2017/08/31 v2.3i parameterised ToC, etc., typesetting
Package tocloft Info: The document has section divisions on input line 51.
\cftparskip=\skip68
\cftbeforetoctitleskip=\skip69
\cftaftertoctitleskip=\skip70
\cftbeforepartskip=\skip71
\cftpartnumwidth=\skip72
\cftpartindent=\skip73
\cftbeforesecskip=\skip74
\cftsecindent=\skip75
\cftsecnumwidth=\skip76
\cftbeforesubsecskip=\skip77
\cftsubsecindent=\skip78
\cftsubsecnumwidth=\skip79
\cftbeforesubsubsecskip=\skip80
\cftsubsubsecindent=\skip81
\cftsubsubsecnumwidth=\skip82
\cftbeforeparaskip=\skip83
\cftparaindent=\skip84
\cftparanumwidth=\skip85
\cftbeforesubparaskip=\skip86
\cftsubparaindent=\skip87
\cftsubparanumwidth=\skip88
\cftbeforeloftitleskip=\skip89
\cftafterloftitleskip=\skip90
\cftbeforefigskip=\skip91
\cftfigindent=\skip92
\cftfignumwidth=\skip93
\c@lofdepth=\count319
\c@lotdepth=\count320
\cftbeforelottitleskip=\skip94
\cftafterlottitleskip=\skip95
\cftbeforetabskip=\skip96
\cfttabindent=\skip97
\cfttabnumwidth=\skip98
)
(/usr/share/texlive/texmf-dist/tex/latex/tools/multicol.sty
Package: multicol 2024/09/14 v1.9i multicolumn formatting (FMi)
\c@tracingmulticols=\count321
\mult@box=\box62
\multicol@leftmargin=\dimen170
\c@unbalance=\count322
\c@collectmore=\count323
\doublecol@number=\count324
\multicoltolerance=\count325
\multicolpretolerance=\count326
\full@width=\dimen171
\page@free=\dimen172
\premulticols=\dimen173
\postmulticols=\dimen174
\multicolsep=\skip99
\multicolbaselineskip=\skip100
\partial@page=\box63
\last@line=\box64
\mc@boxedresult=\box65
\maxbalancingoverflow=\dimen175
\mult@rightbox=\box66
\mult@grightbox=\box67
\mult@firstbox=\box68
\mult@gfirstbox=\box69
\@tempa=\box70
\@tempa=\box71
\@tempa=\box72
\@tempa=\box73
\@tempa=\box74
\@tempa=\box75
\@tempa=\box76
\@tempa=\box77
\@tempa=\box78
\@tempa=\box79
\@tempa=\box80
\@tempa=\box81
\@tempa=\box82
\@tempa=\box83
\@tempa=\box84
\@tempa=\box85
\@tempa=\box86
\@tempa=\box87
\@tempa=\box88
\@tempa=\box89
\@tempa=\box90
\@tempa=\box91
\@tempa=\box92
\@tempa=\box93
\@tempa=\box94
\@tempa=\box95
\@tempa=\box96
\@tempa=\box97
\@tempa=\box98
\@tempa=\box99
\@tempa=\box100
\@tempa=\box101
\@tempa=\box102
\@tempa=\box103
\@tempa=\box104
\@tempa=\box105
\c@minrows=\count327
\c@columnbadness=\count328
\c@finalcolumnbadness=\count329
\last@try=\dimen176
\multicolovershoot=\dimen177
\multicolundershoot=\dimen178
\mult@nat@firstbox=\box106
\colbreak@box=\box107
\mc@col@check@num=\count330
)
(/usr/share/texlive/texmf-dist/tex/latex/titlesec/titlesec.sty
Package: titlesec 2025/01/04 v2.17 Sectioning titles
\ttl@box=\box108
\beforetitleunit=\skip101
\aftertitleunit=\skip102
\ttl@plus=\dimen179
\ttl@minus=\dimen180
\ttl@toksa=\toks23
\titlewidth=\dimen181
\titlewidthlast=\dimen182
\titlewidthfirst=\dimen183
)
(/usr/share/texlive/texmf-dist/tex/latex/minted/minted.sty
Package: minted 2025/03/06 v3.6.0 Yet another Pygments shim for LaTeX

(/usr/share/texlive/texmf-dist/tex/generic/catchfile/catchfile.sty
Package: catchfile 2019/12/09 v1.8 Catch the contents of a file (HO)

(/usr/share/texlive/texmf-dist/tex/generic/etexcmds/etexcmds.sty
Package: etexcmds 2019/12/15 v1.7 Avoid name clashes with e-TeX commands (HO)
))
(/usr/share/texlive/texmf-dist/tex/latex/latex2pydata/latex2pydata.sty
Package: latex2pydata 2025/03/03 v0.5.0 latex2pydata - write data to file in Py
thon literal format
)
(/usr/share/texlive/texmf-dist/tex/latex/pgf/utilities/pgfkeys.sty
(/usr/share/texlive/texmf-dist/tex/generic/pgf/utilities/pgfkeys.code.tex
\pgfkeys@pathtoks=\toks24
\pgfkeys@temptoks=\toks25

(/usr/share/texlive/texmf-dist/tex/generic/pgf/utilities/pgfkeyslibraryfiltered
.code.tex
\pgfkeys@tmptoks=\toks26
))) (/usr/share/texlive/texmf-dist/tex/latex/pgfopts/pgfopts.sty
Package: pgfopts 2014/07/10 v2.1a LaTeX package options with pgfkeys
\pgfopts@list@add@a@toks=\toks27
\pgfopts@list@add@b@toks=\toks28
)
(/usr/share/texlive/texmf-dist/tex/latex/tools/shellesc.sty
Package: shellesc 2023/07/08 v1.0d unified shell escape interface for LaTeX
Package shellesc Info: Unrestricted shell escape enabled on input line 75.
)
(/usr/share/texlive/texmf-dist/tex/latex/float/float.sty
Package: float 2001/11/08 v1.3d Float enhancements (AL)
\c@float@type=\count331
\float@exts=\toks29
\float@box=\box109
\@float@everytoks=\toks30
\@floatcapt=\box110
)
\c@minted@FancyVerbLineTemp=\count332
\@float@every@listing=\toks31
\c@listing=\count333
)
(/usr/share/texlive/texmf-dist/tex/latex/amsmath/amsmath.sty
Package: amsmath 2024/11/05 v2.17t AMS math features
\@mathmargin=\skip103

For additional information on amsmath, use the `?' option.
(/usr/share/texlive/texmf-dist/tex/latex/amsmath/amstext.sty
Package: amstext 2021/08/26 v2.01 AMS text

(/usr/share/texlive/texmf-dist/tex/latex/amsmath/amsgen.sty
File: amsgen.sty 1999/11/30 v2.0 generic functions
\@emptytoks=\toks32
\ex@=\dimen184
))
(/usr/share/texlive/texmf-dist/tex/latex/amsmath/amsbsy.sty
Package: amsbsy 1999/11/29 v1.2d Bold Symbols
\pmbraise@=\dimen185
)
(/usr/share/texlive/texmf-dist/tex/latex/amsmath/amsopn.sty
Package: amsopn 2022/04/08 v2.04 operator names
)
\inf@bad=\count334
LaTeX Info: Redefining \frac on input line 233.
\uproot@=\count335
\leftroot@=\count336
LaTeX Info: Redefining \overline on input line 398.
LaTeX Info: Redefining \colon on input line 409.
\classnum@=\count337
\DOTSCASE@=\count338
LaTeX Info: Redefining \ldots on input line 495.
LaTeX Info: Redefining \dots on input line 498.
LaTeX Info: Redefining \cdots on input line 619.
\Mathstrutbox@=\box111
\strutbox@=\box112
LaTeX Info: Redefining \big on input line 721.
LaTeX Info: Redefining \Big on input line 722.
LaTeX Info: Redefining \bigg on input line 723.
LaTeX Info: Redefining \Bigg on input line 724.
\big@size=\dimen186
LaTeX Font Info:    Redeclaring font encoding OML on input line 742.
LaTeX Font Info:    Redeclaring font encoding OMS on input line 743.
\macc@depth=\count339
LaTeX Info: Redefining \bmod on input line 904.
LaTeX Info: Redefining \pmod on input line 909.
LaTeX Info: Redefining \smash on input line 939.
LaTeX Info: Redefining \relbar on input line 969.
LaTeX Info: Redefining \Relbar on input line 970.
\c@MaxMatrixCols=\count340
\dotsspace@=\muskip18
\c@parentequation=\count341
\dspbrk@lvl=\count342
\tag@help=\toks33
\row@=\count343
\column@=\count344
\maxfields@=\count345
\andhelp@=\toks34
\eqnshift@=\dimen187
\alignsep@=\dimen188
\tagshift@=\dimen189
\tagwidth@=\dimen190
\totwidth@=\dimen191
\lineht@=\dimen192
\@envbody=\toks35
\multlinegap=\skip104
\multlinetaggap=\skip105
\mathdisplay@stack=\toks36
LaTeX Info: Redefining \[ on input line 2953.
LaTeX Info: Redefining \] on input line 2954.
)
\@LN@amsmath@ams@eqpen=\count346

(/usr/share/texlive/texmf-dist/tex/latex/amsfonts/amssymb.sty
Package: amssymb 2013/01/14 v3.01 AMS font symbols

(/usr/share/texlive/texmf-dist/tex/latex/amsfonts/amsfonts.sty
Package: amsfonts 2013/01/14 v3.01 Basic AMSFonts support
\symAMSa=\mathgroup4
\symAMSb=\mathgroup5
LaTeX Font Info:    Redeclaring math symbol \hbar on input line 98.
LaTeX Font Info:    Overwriting math alphabet `\mathfrak' in version `bold'
(Font)                  U/euf/m/n --> U/euf/b/n on input line 106.
))
(/usr/share/texlive/texmf-dist/tex/latex/graphics/graphicx.sty
Package: graphicx 2021/09/16 v1.2d Enhanced LaTeX Graphics (DPC,SPQR)

(/usr/share/texlive/texmf-dist/tex/latex/graphics/graphics.sty
Package: graphics 2024/08/06 v1.4g Standard LaTeX Graphics (DPC,SPQR)

(/usr/share/texlive/texmf-dist/tex/latex/graphics/trig.sty
Package: trig 2023/12/02 v1.11 sin cos tan (DPC)
)
(/usr/share/texlive/texmf-dist/tex/latex/graphics-cfg/graphics.cfg
File: graphics.cfg 2016/06/04 v1.11 sample graphics configuration
)
Package graphics Info: Driver file: pdftex.def on input line 106.
)
\Gin@req@height=\dimen193
\Gin@req@width=\dimen194
)
(/usr/share/texlive/texmf-dist/tex/latex/tools/array.sty
Package: array 2024/10/17 v2.6g Tabular extension package (FMi)
\col@sep=\dimen195
\ar@mcellbox=\box113
\extrarowheight=\dimen196
\NC@list=\toks37
\extratabsurround=\skip106
\backup@length=\skip107
\ar@cellbox=\box114
)
(/usr/share/texlive/texmf-dist/tex/latex/booktabs/booktabs.sty
Package: booktabs 2020/01/12 v1.61803398 Publication quality tables
\heavyrulewidth=\dimen197
\lightrulewidth=\dimen198
\cmidrulewidth=\dimen199
\belowrulesep=\dimen256
\belowbottomsep=\dimen257
\aboverulesep=\dimen258
\abovetopsep=\dimen259
\cmidrulesep=\dimen260
\cmidrulekern=\dimen261
\defaultaddspace=\dimen262
\@cmidla=\count347
\@cmidlb=\count348
\@aboverulesep=\dimen263
\@belowrulesep=\dimen264
\@thisruleclass=\count349
\@lastruleclass=\count350
\@thisrulewidth=\dimen265
)
(/usr/share/texlive/texmf-dist/tex/latex/cancel/cancel.sty
Package: cancel 2013/04/12 v2.2 Cancel math terms
)
(/usr/share/texlive/texmf-dist/tex/latex/l3backend/l3backend-pdftex.def
File: l3backend-pdftex.def 2024-05-08 L3 backend support: PDF output (pdfTeX)
\l__color_backend_stack_int=\count351
\l__pdf_internal_box=\box115
)

LaTeX Warning: Unused global option(s):
    [8pt,onesided].

(./notebook.aux)
\openout1 = `notebook.aux'.

LaTeX Font Info:    Checking defaults for OML/cmm/m/it on input line 80.
LaTeX Font Info:    ... okay on input line 80.
LaTeX Font Info:    Checking defaults for OMS/cmsy/m/n on input line 80.
LaTeX Font Info:    ... okay on input line 80.
LaTeX Font Info:    Checking defaults for OT1/cmr/m/n on input line 80.
LaTeX Font Info:    ... okay on input line 80.
LaTeX Font Info:    Checking defaults for T1/cmr/m/n on input line 80.
LaTeX Font Info:    ... okay on input line 80.
LaTeX Font Info:    Checking defaults for TS1/cmr/m/n on input line 80.
LaTeX Font Info:    ... okay on input line 80.
LaTeX Font Info:    Checking defaults for OMX/cmex/m/n on input line 80.
LaTeX Font Info:    ... okay on input line 80.
LaTeX Font Info:    Checking defaults for U/cmr/m/n on input line 80.
LaTeX Font Info:    ... okay on input line 80.
LaTeX Font Info:    Checking defaults for PD1/pdf/m/n on input line 80.
LaTeX Font Info:    ... okay on input line 80.
LaTeX Font Info:    Checking defaults for PU/pdf/m/n on input line 80.
LaTeX Font Info:    ... okay on input line 80.

*geometry* driver: auto-detecting
*geometry* detected driver: pdftex
*geometry* verbose mode - [ preamble ] result:
* driver: pdftex
* paper: a4paper
* layout: <same size as paper>
* layoutoffset:(h,v)=(0.0pt,0.0pt)
* modes: landscape 
* h-part:(L,W,R)=(7.22743pt, 830.59198pt, 7.22743pt)
* v-part:(T,H,B)=(18.06749pt, 572.21295pt, 7.22743pt)
* \paperwidth=845.04684pt
* \paperheight=597.50787pt
* \textwidth=830.59198pt
* \textheight=572.21295pt
* \oddsidemargin=-65.04256pt
* \evensidemargin=-65.04256pt
* \topmargin=-69.81621pt
* \headheight=12.0pt
* \headsep=3.61371pt
* \topskip=10.0pt
* \footskip=30.0pt
* \marginparwidth=57.0pt
* \marginparsep=11.0pt
* \columnsep=11.38092pt
* \skip\footins=9.0pt plus 4.0pt minus 2.0pt
* \hoffset=0.0pt
* \voffset=0.0pt
* \mag=1000
* \@twocolumnfalse
* \@twosidefalse
* \@mparswitchfalse
* \@reversemarginfalse
* (1in=72.27pt=25.4mm, 1cm=28.453pt)

Package hyperref Info: Link coloring OFF on input line 80.
(./notebook.out) (./notebook.out)
\@outlinefile=\write4
\openout4 = `notebook.out'.


(/usr/share/texlive/texmf-dist/tex/latex/base/textcomp.sty
Package: textcomp 2024/04/24 v2.1b Standard LaTeX package
)
\c@lstlisting=\count352

(/usr/share/texlive/texmf-dist/tex/context/base/mkii/supp-pdf.mkii
[Loading MPS to PDF converter (version 2006.09.02).]
\scratchcounter=\count353
\scratchdimen=\dimen266
\scratchbox=\box116
\nofMPsegments=\count354
\nofMParguments=\count355
\everyMPshowfont=\toks38
\MPscratchCnt=\count356
\MPscratchDim=\dimen267
\MPnumerator=\count357
\makeMPintoPDFobject=\count358
\everyMPtoPDFconversion=\toks39
) (/usr/share/texlive/texmf-dist/tex/latex/epstopdf-pkg/epstopdf-base.sty
Package: epstopdf-base 2020-01-24 v2.11 Base part for package epstopdf
Package epstopdf-base Info: Redefining graphics rule for `.eps' on input line 4
85.

(/usr/share/texlive/texmf-dist/tex/latex/latexconfig/epstopdf-sys.cfg
File: epstopdf-sys.cfg 2010/07/13 v1.3 Configuration of (r)epstopdf for TeX Liv
e
))
(./cover.tex
<images/aiub-logo.png, id=506, 876.27374pt x 869.2475pt>
File: images/aiub-logo.png Graphic file (type png)
<use images/aiub-logo.png>
Package pdftex.def Info: images/aiub-logo.png  used on input line 9.
(pdftex.def)             Requested size: 124.58372pt x 123.57726pt.


[1

{/var/lib/texmf/fonts/map/pdftex/updmap/pdftex.map} <./images/aiub-logo.png>]) 
(./notebook.toc
LaTeX Font Info:    Trying to load font information for U+msa on input line 1.
 (/usr/share/texlive/texmf-dist/tex/latex/amsfonts/umsa.fd
File: umsa.fd 2013/01/14 v3.01 AMS symbols A
)
LaTeX Font Info:    Trying to load font information for U+msb on input line 1.

(/usr/share/texlive/texmf-dist/tex/latex/amsfonts/umsb.fd
File: umsb.fd 2013/01/14 v3.01 AMS symbols B
)
Underfull \hbox (badness 5711) in paragraph at lines 43--43
 [][] [][]\OT1/cmr/m/n/9 [Trick] His-toric In-for-ma-tion - 
 []

)
\tf@toc=\write5
\openout5 = `notebook.toc'.

 (./contents.tex
\pydata@fh@_FB5D1B4A2312E239652B13A24ED9A74F.data.minted=\write6
\openout6 = `_FB5D1B4A2312E239652B13A24ED9A74F.data.minted'.

runsystem(latexminted config  --timestamp 20260418212519 FB5D1B4A2312E239652B13
A24ED9A74F)...executed.

 (./_FB5D1B4A2312E239652B13A24ED9A74F.config.minted)
runsystem(latexminted cleanconfig  --timestamp 20260418212519 FB5D1B4A2312E2396
52B13A24ED9A74F)...executed.


(./_minted/default.style.minted)
(./_minted/4859D36FB3DE242232592963F7793531.highlight.minted
LaTeX Font Info:    Font shape `OT1/cmtt/bx/n' in size <9> not available
(Font)              Font shape `OT1/cmtt/m/n' tried instead on input line 2.
)
(./_minted/65203A4DEA0E19D564EBF6007222F2B6.highlight.minted)
(./_minted/24D78DA2B8BDB362B6AC22AE184C303A.highlight.minted
LaTeX Font Info:    Font shape `OT1/cmtt/bx/n' in size <8> not available
(Font)              Font shape `OT1/cmtt/m/n' tried instead on input line 7.
)
(./_minted/F99745F11AF1008DD07640A37D08E93B.highlight.minted)
(./_minted/24693331BD38558E01FB64365D9C4A8C.highlight.minted)
(./_minted/3D6A61AC0256DF73E0B5585259F43AB5.highlight.minted)
(./_minted/AFDAC40A17693AC7073287FFBFE548CA.highlight.minted)
(./_minted/2061D28FFA80BF47A20926AFD260A0F9.highlight.minted)
(./_minted/F3D14B8770AD988719A861D39B45C31E.highlight.minted
pdfTeX warning (ext4): destination with the same identifier (name{page.1}) has 
been already used, duplicate ignored
<to be read again> 
                   \relax 
l.17 ...}{=}\PYG{+w}{ }\PYG{n+nb}{false}\PYG{p}{;}
                                                   [1])
(./_minted/29AA5E29CBF520B480AA2878C457F9F9.highlight.minted)
(./_minted/3161CACD726CFCBD24559F81C3F140BE.highlight.minted)
(./_minted/3C5A95C11A4D107E87AE6850D1209505.highlight.minted)
(./_minted/F00A9C76CC3BCB027B8F4F1BA7A707EE.highlight.minted)
(./_minted/853A25778414B1EB31E6EC7B9DC6AAC3.highlight.minted)
(./_minted/2AFC49D59227D82FB80CE47F2012C802.highlight.minted)
(./_minted/96234BB8C79E310651223A43C9B801A5.highlight.minted)
(./_minted/C1B2AC2A82E89AEBAC6013768AC8FD29.highlight.minted [2])
(./_minted/48C8CA9DA29973123B796CB4A73B6C28.highlight.minted)
(./_minted/3482583F4A37B144E7CFFC5125980488.highlight.minted)
(./_minted/7C40588A50234BE4CFD235CEA1F0B9AB.highlight.minted)
(./_minted/9F45B43DE5A9C0B4C32383FCB9E289B1.highlight.minted)
(./_minted/28C697D118E943F57BF339892765C325.highlight.minted)
(./_minted/F60ED71F202CE9F7496AA14467A42DE6.highlight.minted)
(./_minted/BAA9BED63F68F50FCDB164EB8DAE7C17.highlight.minted)
(./_minted/395F65D853259E5A49F57D1FC1B4C505.highlight.minted)
(./_minted/7D9CA8DA22502671F2E3F271894F4FEC.highlight.minted)
(./_minted/1DC765BFF1548AAE4CBB8FCE76C27D8E.highlight.minted)
<images/pascals-triangle.png, id=679, 509.905pt x 404.51125pt>
File: images/pascals-triangle.png Graphic file (type png)
<use images/pascals-triangle.png>
Package pdftex.def Info: images/pascals-triangle.png  used on input line 171.
(pdftex.def)             Requested size: 99.55615pt x 78.97504pt.

(./_minted/3B11F60891C5744D9ABEBAE53A860226.highlight.minted)
(./_minted/918F4B9293F9DABBE0B404AE74E21F2E.highlight.minted)
Overfull \hbox (3.96631pt too wide) in paragraph at lines 221--223
[]\OT1/cmr/m/n/8 Sum of Sub-set ANDs | $[][] [] \OML/cmm/m/it/8 :$ 
 []

[3 <./images/pascals-triangle.png>]
(./_minted/796DBF1CA510C91966B7AE145DEB8962.highlight.minted)
<images/expected_value_1.png, id=685, 638.385pt x 219.82124pt>
File: images/expected_value_1.png Graphic file (type png)
<use images/expected_value_1.png>
Package pdftex.def Info: images/expected_value_1.png  used on input line 257.
(pdftex.def)             Requested size: 170.87584pt x 58.83932pt.

Underfull \hbox (badness 10000) in paragraph at lines 256--258
[]\OT1/cmr/m/n/8 To get two con-sec-u-tive heads, what
 []


Underfull \hbox (badness 10000) in paragraph at lines 256--258
\OT1/cmr/m/n/8 is the ex-pected num-ber of tosses?
 []

(./_minted/02AB4128EBC6DE4FA296FCBF0966168A.highlight.minted)
(./_minted/21A53E44B801251435AEC5F4701B2A1C.highlight.minted)
(./_minted/2D65EC45EC0B4387C92636ED8233B358.highlight.minted)
(./_minted/C8CAE69DEB4ECA374A3232B8B08A67F3.highlight.minted)
(./_minted/064EFEB096D7FB90C5B31E7C80C8B70F.highlight.minted)
(./_minted/9E384CBD5590BC9491DD99102B71C356.highlight.minted)
(./_minted/C7D61ED5500FD2ACD0D86E3766F4E222.highlight.minted [4 <./images/expec
ted_value_1.png>]) (./_minted/15986211F5C22EE4B55A04334A93D381.highlight.minted
) (./_minted/D1E54EA6468A079C76188A3D357BBEF2.highlight.minted)
(./_minted/EC46E34A6CCD3C10314BF16C6C4B2D1E.highlight.minted)
(./_minted/911A2ADE70FE47CBCAC56FD97369E478.highlight.minted [5])
(./_minted/20C4DD69E62EBBE9388FCF65559A7BEB.highlight.minted)
(./_minted/2F1BC42A8C4540870188AC3BBB2E91FC.highlight.minted)
(./_minted/6EA45AE7B3AF9BD8D0F2A0B5A44DE8B3.highlight.minted)
(./_minted/65958146B342EDB76220DAD641DBA790.highlight.minted)
(./_minted/EEECAEBE8601545F8D62CD0553123833.highlight.minted)
(./_minted/7772DC51703DEA12A7F99C2F9287E4B3.highlight.minted [6])
(./_minted/B5857FC5D82D4A7D22579693BCDAF40B.highlight.minted)
(./_minted/826F704DA2035E3533923FA810259E5D.highlight.minted)
(./_minted/907A68687FD63FDCE1609B68065D7493.highlight.minted [7])
(./_minted/9E67913AEC1E88A48D214E8666FBA439.highlight.minted)
(./_minted/AB2F377EE3088D7FED57633C633C591A.highlight.minted)
(./_minted/0CEE621AACA47A09391FB5B892E4A6D7.highlight.minted)
(./_minted/21BA4DF529F841FDDE4AFBBAB41AEAF1.highlight.minted)
(./_minted/E0D007147D0A713842BE4F509EBA5797.highlight.minted [8])
(./_minted/C42B1019A9E8EF0AEAD2F214E45E39B2.highlight.minted)
(./_minted/7AC87AB7CEFDE499AA651C85D19D0AA7.highlight.minted)
(./_minted/03014D482FFD5E522F059EE51B3E4188.highlight.minted)
(./_minted/F057F73FB0F36C6600B74E4FE180347A.highlight.minted)
(./_minted/E72BE731524C455515D745DFCE5B1199.highlight.minted [9])
(./_minted/084DF9930DCF546BEA5539B0856ECF23.highlight.minted)
(./_minted/9290BF891EB4163EFFC8BEC50715D6D9.highlight.minted)
(./_minted/66A825C765FBC7A26961A98F8D7D693D.highlight.minted)
(./_minted/9B7D17330271D9EBF3CDE1E1666E6AEE.highlight.minted)
(./_minted/9AB63C83A75C7210D6F95BBF56477FC6.highlight.minted [10])
(./_minted/0DAF96E0351633324D57262A256A4AA3.highlight.minted)
(./_minted/EAA2140B6B5821CBB8334A1DBCE20B6F.highlight.minted)
(./_minted/D51F64BE13CCF4E00A22E999FDB27218.highlight.minted)
(./_minted/BEA6BA0475AEEE735C490BD77FFDC717.highlight.minted)
(./_minted/19AB9B43C118F09B2B1C98B111CBC159.highlight.minted)
(./_minted/6A6382ED619E1964F4A512193FF608E2.highlight.minted [11])
(./_minted/F42F1E84310720C3FB420B70DDFCA13E.highlight.minted)
(./_minted/F6DAF01A2A41979FF6FA6C78C676F148.highlight.minted)
(./_minted/0BC3F800F3F2E3F822E2580617EECBFE.highlight.minted)
(./_minted/BEC6EC60064F556A74FB29BF8E65BE4A.highlight.minted [12])
(./_minted/7E9E583E7D6B7C346EC3F8CD43735B73.highlight.minted)
(./_minted/936156BA85BE88EB8C7BC5979D04F537.highlight.minted)
(./_minted/472A6EC6ADFACBCD0F21DA63381F3989.highlight.minted)
(./_minted/B2C39EFB80B249D7E76A03AABDF6E327.highlight.minted [13])
(./_minted/463B61C96E9858F7FBD7D89C534C0385.highlight.minted)
(./_minted/D2008F728F023726F2C4AC7004E4212E.highlight.minted [14])
(./_minted/7476E9D421E3428D1DD037E990775982.highlight.minted)
(./_minted/5B3E9425699F47540174A10DD8383B0E.highlight.minted)
(./_minted/C719B833C98F9E1361B02C9801986DEC.highlight.minted)
(./_minted/8F0A2701CC75F4F8028887B4B28DEAED.highlight.minted)
Underfull \hbox (badness 10000) in paragraph at lines 522--523

 []

(./_minted/AA1B65D7BEB0451A72E73B028AEC8C2D.highlight.minted [15])
(./_minted/FDBD7C70D25D68815835C92A031AB54A.highlight.minted)
(./_minted/DDF1B4B60AAFEAE07DD67A8AC80AEACF.highlight.minted [16])
(./_minted/F3424EAD57075C291283CA6C13986EE2.highlight.minted)
<images/grundy_tree.png, id=743, 675.52374pt x 430.60875pt>
File: images/grundy_tree.png Graphic file (type png)
<use images/grundy_tree.png>
Package pdftex.def Info: images/grundy_tree.png  used on input line 559.
(pdftex.def)             Requested size: 94.93167pt x 60.50821pt.

(./_minted/4831088A562CB4914B1D2D6740E7ED76.highlight.minted)
(./_minted/A02137BE4CD7B535EFE8210B0BCEDA41.highlight.minted)
(./_minted/BCC37E4C4A54A3138E29FA78F3CD2FAB.highlight.minted)
(./_minted/C1AF5DFB1DE80FD38E85944F7196F76D.highlight.minted)
(./_minted/94A1B2D086B3CC2FD5F4481A4BA2587C.highlight.minted)
(./_minted/4B34873CFBDAAB7AA6C15A5A8AC38A8B.highlight.minted [17 <./images/grun
dy_tree.png>]) (./_minted/0A4937C802F8D815EC63268C3AEF06C2.highlight.minted)
(./_minted/CE07AB5E2B1C269FBB36172D9C047890.highlight.minted)
(./_minted/D7A9820CEA12C08E709C74D47FBCA6AA.highlight.minted)
(./_minted/C19EF85136CC6665A31C48BF29820B27.highlight.minted)
(./_minted/E5D52462F0FFCF2C15453E802790D8F5.highlight.minted)
(./_minted/390A8732997E9EC8EE787BC654D2C6F6.highlight.minted)
(./_minted/0B41A2C31A289F0764A09E0F4C3CFB7E.highlight.minted)
(./_minted/AD4FE5C21DDAD4C94D2919CD360ED374.highlight.minted)
(./_minted/276D2640875BA3E27B09DAEDF585C7F8.highlight.minted)
(./_minted/0F4983BB8CCC0F8F9B490954F065CF72.highlight.minted)
(./_minted/7B85934D75001BC51662BD65D9E68B55.highlight.minted [18])
(./_minted/72B8D63A1A3EFDA3CB566AEA24D3DBE0.highlight.minted)
(./_minted/9837D049D0BDC09894163D22031271EC.highlight.minted)
(./_minted/B32E0CD8B7D02DA5F9935E69EBBCFBD3.highlight.minted)
<images/shape-image-2.png, id=754, 341.47575pt x 436.029pt>
File: images/shape-image-2.png Graphic file (type png)
<use images/shape-image-2.png>
Package pdftex.def Info: images/shape-image-2.png  used on input line 642.
(pdftex.def)             Requested size: 139.37799pt x 177.96799pt.

Underfull \hbox (badness 10000) in paragraph at lines 642--644

 []


Overfull \hbox (13.59622pt too wide) in paragraph at lines 650--650
[]|[]| 
 []


Overfull \hbox (20.61649pt too wide) in paragraph at lines 652--652
[]|[]| 
 []


Overfull \hbox (57.6357pt too wide) in paragraph at lines 646--657
 [] 
 []

) [19 <./images/shape-image-2.png (PNG copy)>] (./Geometry/main.tex
<Geometry/Picture9.png, id=759, 71.51718pt x 53.44969pt>
File: Geometry/Picture9.png Graphic file (type png)
<use Geometry/Picture9.png>
Package pdftex.def Info: Geometry/Picture9.png  used on input line 277.
(pdftex.def)             Requested size: 119.47035pt x 56.90512pt.
 [20 <./Geometry/Picture9.png>]
<Geometry/Picture1.png, id=776, 41.4047pt x 38.39343pt>
File: Geometry/Picture1.png Graphic file (type png)
<use Geometry/Picture1.png>
Package pdftex.def Info: Geometry/Picture1.png  used on input line 319.
(pdftex.def)             Requested size: 39.82384pt x 56.90924pt.
<Geometry/Picture2.png, id=777, 51.19125pt x 36.88782pt>
File: Geometry/Picture2.png Graphic file (type png)
<use Geometry/Picture2.png>
Package pdftex.def Info: Geometry/Picture2.png  used on input line 331.
(pdftex.def)             Requested size: 39.82433pt x 56.90701pt.
<Geometry/Picture3.png, id=778, 79.79813pt x 68.50594pt>
File: Geometry/Picture3.png Graphic file (type png)
<use Geometry/Picture3.png>
Package pdftex.def Info: Geometry/Picture3.png  used on input line 352.
(pdftex.def)             Requested size: 119.46916pt x 56.90695pt.
<Geometry/Picture4.png, id=779, 301.125pt x 276.03125pt>
File: Geometry/Picture4.png Graphic file (type png)
<use Geometry/Picture4.png>
Package pdftex.def Info: Geometry/Picture4.png  used on input line 369.
(pdftex.def)             Requested size: 119.46916pt x 56.90265pt.
<Geometry/Picture5.png, id=780, 723.70375pt x 474.77374pt>
File: Geometry/Picture5.png Graphic file (type png)
<use Geometry/Picture5.png>
Package pdftex.def Info: Geometry/Picture5.png  used on input line 376.
(pdftex.def)             Requested size: 119.46118pt x 56.90518pt.
<Geometry/Picture6.png, id=781, 502.2765pt x 320.1561pt>
File: Geometry/Picture6.png Graphic file (type png)
<use Geometry/Picture6.png>
Package pdftex.def Info: Geometry/Picture6.png  used on input line 383.
(pdftex.def)             Requested size: 119.46819pt x 56.90259pt.
<Geometry/Picture7.png, id=782, 50.43843pt x 39.14626pt>
File: Geometry/Picture7.png Graphic file (type png)
<use Geometry/Picture7.png>
Package pdftex.def Info: Geometry/Picture7.png  used on input line 393.
(pdftex.def)             Requested size: 119.47pt x 56.90753pt.
<Geometry/Picture8.png, id=783, 57.96657pt x 42.1575pt>
File: Geometry/Picture8.png Graphic file (type png)
<use Geometry/Picture8.png>
Package pdftex.def Info: Geometry/Picture8.png  used on input line 401.
(pdftex.def)             Requested size: 119.47966pt x 56.90692pt.
<Geometry/Picture10.png, id=784, 85.41pt x 53.5455pt>
File: Geometry/Picture10.png Graphic file (type png)
<use Geometry/Picture10.png>
Package pdftex.def Info: Geometry/Picture10.png  used on input line 423.
(pdftex.def)             Requested size: 119.47281pt x 56.90747pt.
<Geometry/Picture11.png, id=785, 57.4875pt x 56.502pt>
File: Geometry/Picture11.png Graphic file (type png)
<use Geometry/Picture11.png>
Package pdftex.def Info: Geometry/Picture11.png  used on input line 458.
(pdftex.def)             Requested size: 119.47467pt x 56.90706pt.
<Geometry/Picture12.png, id=786, 351.3125pt x 239.89626pt>
File: Geometry/Picture12.png Graphic file (type png)
<use Geometry/Picture12.png>
Package pdftex.def Info: Geometry/Picture12.png  used on input line 482.
(pdftex.def)             Requested size: 114.0787pt x 56.90274pt.
<Geometry/Picture13.png, id=787, 230.8625pt x 219.82124pt>
File: Geometry/Picture13.png Graphic file (type png)
<use Geometry/Picture13.png>
Package pdftex.def Info: Geometry/Picture13.png  used on input line 487.
(pdftex.def)             Requested size: 114.07825pt x 56.90396pt.
 [21 <./Geometry/Picture1.png> <./Geometry/Picture2.png> <./Geometry/Picture3.p
ng> <./Geometry/Picture4.png> <./Geometry/Picture5.png> <./Geometry/Picture6.pn
g> <./Geometry/Picture7.png> <./Geometry/Picture8.png> <./Geometry/Picture10.pn
g> <./Geometry/Picture11.png> <./Geometry/Picture12.png> <./Geometry/Picture13.
png>]
<Geometry/Picture15.png, id=806, 139.27031pt x 82.05656pt>
File: Geometry/Picture15.png Graphic file (type png)
<use Geometry/Picture15.png>
Package pdftex.def Info: Geometry/Picture15.png  used on input line 596.
(pdftex.def)             Requested size: 119.47047pt x 113.81287pt.
<Geometry/Picture16.png, id=807, 113.67468pt x 42.91031pt>
File: Geometry/Picture16.png Graphic file (type png)
<use Geometry/Picture16.png>
Package pdftex.def Info: Geometry/Picture16.png  used on input line 618.
(pdftex.def)             Requested size: 119.47119pt x 113.82108pt.
<Geometry/Picture17.png, id=808, 124.21407pt x 51.19125pt>
File: Geometry/Picture17.png Graphic file (type png)
<use Geometry/Picture17.png>
Package pdftex.def Info: Geometry/Picture17.png  used on input line 633.
(pdftex.def)             Requested size: 119.46967pt x 113.81853pt.
<Geometry/Picture18.png, id=809, 195.129pt x 140.9265pt>
File: Geometry/Picture18.png Graphic file (type png)
<use Geometry/Picture18.png>
Package pdftex.def Info: Geometry/Picture18.png  used on input line 666.
(pdftex.def)             Requested size: 119.46916pt x 113.81438pt.
<Geometry/Picture19.png, id=810, 356.532pt x 112.62074pt>
File: Geometry/Picture19.png Graphic file (type png)
<use Geometry/Picture19.png>
Package pdftex.def Info: Geometry/Picture19.png  used on input line 696.
(pdftex.def)             Requested size: 119.46751pt x 113.81305pt.
 [22 <./Geometry/Picture15.png> <./Geometry/Picture16.png> <./Geometry/Picture1
7.png> <./Geometry/Picture18.png> <./Geometry/Picture19.png>]
<Geometry/Picture20.png, id=842, 56.502pt x 51.246pt>
File: Geometry/Picture20.png Graphic file (type png)
<use Geometry/Picture20.png>
Package pdftex.def Info: Geometry/Picture20.png  used on input line 732.
(pdftex.def)             Requested size: 119.47243pt x 113.81905pt.
 [23 <./Geometry/Picture20.png>]) (./notebook.aux)
 ***********
LaTeX2e <2024-11-01> patch level 2
L3 programming layer <2025-01-18>
 ***********
Package rerunfilecheck Info: File `notebook.out' has not changed.
(rerunfilecheck)             Checksum: 1C32A90A7923A2E6AE69E3EE84232422;19982.
 ) 
Here is how much of TeX's memory you used:
 19342 strings out of 475178
 380948 string characters out of 5766539
 1292682 words of memory out of 5000000
 41560 multiletter control sequences out of 15000+600000
 570772 words of font info for 82 fonts, out of 8000000 for 9000
 14 hyphenation exceptions out of 8191
 75i,18n,79p,1377b,1860s stack positions out of 10000i,1000n,20000p,200000b,200000s
 </home/faysal/.texlive2025/texmf-var/fonts/pk/ljfour/jknappen/ec/tcrm0700.60
0pk> </home/faysal/.texlive2025/texmf-var/fonts/pk/ljfour/jknappen/ec/tcrm1000.
600pk> </home/faysal/.texlive2025/texmf-var/fonts/pk/ljfour/jknappen/ec/tcit090
0.600pk> </home/faysal/.texlive2025/texmf-var/fonts/pk/ljfour/jknappen/ec/tcrm0
800.600pk></usr/share/texlive/texmf-dist/fonts/type1/public/amsfonts/cm/cmbx10.
pfb></usr/share/texlive/texmf-dist/fonts/type1/public/amsfonts/cm/cmbx12.pfb></
usr/share/texlive/texmf-dist/fonts/type1/public/amsfonts/cm/cmbx7.pfb></usr/sha
re/texlive/texmf-dist/fonts/type1/public/amsfonts/cm/cmbx8.pfb></usr/share/texl
ive/texmf-dist/fonts/type1/public/amsfonts/cm/cmbx9.pfb></usr/share/texlive/tex
mf-dist/fonts/type1/public/amsfonts/cm/cmex10.pfb></usr/share/texlive/texmf-dis
t/fonts/type1/public/amsfonts/cmextra/cmex7.pfb></usr/share/texlive/texmf-dist/
fonts/type1/public/amsfonts/cmextra/cmex8.pfb></usr/share/texlive/texmf-dist/fo
nts/type1/public/amsfonts/cm/cmitt10.pfb></usr/share/texlive/texmf-dist/fonts/t
ype1/public/amsfonts/cm/cmmi10.pfb></usr/share/texlive/texmf-dist/fonts/type1/p
ublic/amsfonts/cm/cmmi5.pfb></usr/share/texlive/texmf-dist/fonts/type1/public/a
msfonts/cm/cmmi6.pfb></usr/share/texlive/texmf-dist/fonts/type1/public/amsfonts
/cm/cmmi7.pfb></usr/share/texlive/texmf-dist/fonts/type1/public/amsfonts/cm/cmm
i8.pfb></usr/share/texlive/texmf-dist/fonts/type1/public/amsfonts/cm/cmmi9.pfb>
</usr/share/texlive/texmf-dist/fonts/type1/public/amsfonts/cm/cmr10.pfb></usr/s
hare/texlive/texmf-dist/fonts/type1/public/amsfonts/cm/cmr12.pfb></usr/share/te
xlive/texmf-dist/fonts/type1/public/amsfonts/cm/cmr17.pfb></usr/share/texlive/t
exmf-dist/fonts/type1/public/amsfonts/cm/cmr5.pfb></usr/share/texlive/texmf-dis
t/fonts/type1/public/amsfonts/cm/cmr6.pfb></usr/share/texlive/texmf-dist/fonts/
type1/public/amsfonts/cm/cmr7.pfb></usr/share/texlive/texmf-dist/fonts/type1/pu
blic/amsfonts/cm/cmr8.pfb></usr/share/texlive/texmf-dist/fonts/type1/public/ams
fonts/cm/cmr9.pfb></usr/share/texlive/texmf-dist/fonts/type1/public/amsfonts/cm
/cmsy10.pfb></usr/share/texlive/texmf-dist/fonts/type1/public/amsfonts/cm/cmsy5
.pfb></usr/share/texlive/texmf-dist/fonts/type1/public/amsfonts/cm/cmsy6.pfb></
usr/share/texlive/texmf-dist/fonts/type1/public/amsfonts/cm/cmsy7.pfb></usr/sha
re/texlive/texmf-dist/fonts/type1/public/amsfonts/cm/cmsy8.pfb></usr/share/texl
ive/texmf-dist/fonts/type1/public/amsfonts/cm/cmsy9.pfb></usr/share/texlive/tex
mf-dist/fonts/type1/public/amsfonts/cm/cmtt8.pfb></usr/share/texlive/texmf-dist
/fonts/type1/public/amsfonts/cm/cmtt9.pfb></usr/share/texlive/texmf-dist/fonts/
type1/public/amsfonts/symbols/msam7.pfb>
Output written on notebook.pdf (24 pages, 1223794 bytes).
PDF statistics:
 1063 PDF objects out of 1200 (max. 8388607)
 913 compressed objects within 10 object streams
 194 named destinations out of 1000 (max. 500000)
 1121 words of extra memory for PDF output out of 10000 (max. 10000000)

